<?xml version="1.0" encoding="UTF-8"?>
<!-- Generated by org.testng.reporters.JUnitReportReporter -->
<testsuite hostname="DESKTOP-I03KJOQ" failures="0" tests="1" name="testpackage.JanasyaTest" time="13.735" errors="0" timestamp="2024-11-30T18:06:13 IST" skipped="0">
  <testcase classname="testpackage.JanasyaTest" name="janasyaTest" time="13.735"/>
</testsuite> <!-- testpackage.JanasyaTest -->
