<?xml version="1.0" encoding="UTF-8"?>
<!-- Generated by org.testng.reporters.JUnitReportReporter -->
<testsuite hostname="DESKTOP-I03KJOQ" failures="0" tests="1" name="testpackage.BlazeDemoTest" time="9.051" errors="0" timestamp="2024-12-03T12:08:44 IST" skipped="0">
  <testcase classname="testpackage.BlazeDemoTest" name="blazeDemoTest" time="9.051"/>
</testsuite> <!-- testpackage.BlazeDemoTest -->
