<?xml version="1.0" encoding="UTF-8"?>
<!-- Generated by org.testng.reporters.JUnitReportReporter -->
<testsuite hostname="DESKTOP-I03KJOQ" failures="0" tests="1" name="testpackage.EbayTest" time="54.881" errors="0" timestamp="2024-12-02T14:50:04 IST" skipped="0">
  <testcase classname="testpackage.EbayTest" name="testEbay" time="54.881"/>
</testsuite> <!-- testpackage.EbayTest -->
